[2016-05-31 10:17:33] Cannot Open Configure file
[2016-05-31 10:17:33] ./file/dict/\Data\Configure.xml
[2016-05-31 10:18:19] Cannot Open Configure file
[2016-05-31 10:18:19] ./file/dict/\Data\Configure.xml
[2016-05-31 10:28:50] Cannot Open Configure file
[2016-05-31 10:28:50] ./file/dict/\Data\Configure.xml
[2016-05-31 10:29:44] Cannot Open Configure file
[2016-05-31 10:29:44] ./file/dict/\Data\Configure.xml
[2016-05-31 10:34:41] Cannot Open Configure file
[2016-05-31 10:34:41] ./file/dict/\Data\Configure.xml
[2016-05-31 10:40:05] Cannot Open Configure file
[2016-05-31 10:40:05] ./file/dict/\Data\Configure.xml
[2016-05-31 10:55:02] Cannot Open Configure file
[2016-05-31 10:55:02] ./file/dict/\Data\Configure.xml
[2016-05-31 10:57:28] Cannot Open Configure file
[2016-05-31 10:57:28] ./file/dict/\Data\Configure.xml
[2016-05-31 10:57:32] Cannot Open Configure file
[2016-05-31 10:57:32] ./file/dict/\Data\Configure.xml
[2016-05-31 11:01:30] Cannot Open Configure file
[2016-05-31 11:01:30] D:\yqxt\dataprocess\Data\Configure.xml
[2016-05-31 11:03:47] Cannot Open Configure file
[2016-05-31 11:03:47] .\Data\Configure.xml
[2016-05-31 11:06:06] Cannot Open Configure file
[2016-05-31 11:06:06] ./file/dict/\Data\Configure.xml
[2016-05-31 11:06:22] Cannot Open Configure file
[2016-05-31 11:06:22] ./file/dict/\Data\Configure.xml
[2016-05-31 11:08:42] Cannot Open Configure file
[2016-05-31 11:08:42] ./file/dict/\Data\Configure.xml
[2016-05-31 11:15:53] Not valid license or your license expired! Please feel free to contact pipy_zhang@msn.com!

[2016-05-31 11:16:11] Not valid license or your license expired! Please feel free to contact pipy_zhang@msn.com!

[2016-05-31 11:16:32] Not valid license or your license expired! Please feel free to contact pipy_zhang@msn.com!

[2016-05-31 11:16:37] Not valid license or your license expired! Please feel free to contact pipy_zhang@msn.com!

[2016-05-31 11:17:44] Not valid license or your license expired! Please feel free to contact pipy_zhang@msn.com!

[2016-05-31 11:24:44] Not valid license or your license expired! Please feel free to contact pipy_zhang@msn.com!

[2016-05-31 11:25:52] Not valid license or your license expired! Please feel free to contact pipy_zhang@msn.com!

[2016-05-31 11:27:14] Not valid license or your license expired! Please feel free to contact pipy_zhang@msn.com!

[2016-05-31 11:32:58] Not valid license or your license expired! Please feel free to contact pipy_zhang@msn.com!

[2016-05-31 11:33:27] Not valid license or your license expired! Please feel free to contact pipy_zhang@msn.com!

[2016-05-31 11:33:37] Not valid license or your license expired! Please feel free to contact pipy_zhang@msn.com!

[2016-05-31 11:34:10] Not valid license or your license expired! Please feel free to contact pipy_zhang@msn.com!

[2016-05-31 12:06:00] Not valid license or your license expired! Please feel free to contact pipy_zhang@msn.com!

